Determining if the pthread_create exist failed with the following output:
Change Dir: /home/cs18/Desktop/assignment8/CGL/build/CMakeFiles/CMakeTmp

Run Build Command:"/usr/bin/make" "cmTC_12b52/fast"
/usr/bin/make -f CMakeFiles/cmTC_12b52.dir/build.make CMakeFiles/cmTC_12b52.dir/build
make[1]: Entering directory '/home/cs18/Desktop/assignment8/CGL/build/CMakeFiles/CMakeTmp'
Building C object CMakeFiles/cmTC_12b52.dir/CheckSymbolExists.c.o
/usr/bin/cc    -o CMakeFiles/cmTC_12b52.dir/CheckSymbolExists.c.o   -c /home/cs18/Desktop/assignment8/CGL/build/CMakeFiles/CMakeTmp/CheckSymbolExists.c
Linking C executable cmTC_12b52
/usr/bin/cmake -E cmake_link_script CMakeFiles/cmTC_12b52.dir/link.txt --verbose=1
/usr/bin/cc      -rdynamic CMakeFiles/cmTC_12b52.dir/CheckSymbolExists.c.o  -o cmTC_12b52 
CMakeFiles/cmTC_12b52.dir/CheckSymbolExists.c.o: In function `main':
CheckSymbolExists.c:(.text+0x1b): undefined reference to `pthread_create'
collect2: error: ld returned 1 exit status
CMakeFiles/cmTC_12b52.dir/build.make:97: recipe for target 'cmTC_12b52' failed
make[1]: *** [cmTC_12b52] Error 1
make[1]: Leaving directory '/home/cs18/Desktop/assignment8/CGL/build/CMakeFiles/CMakeTmp'
Makefile:126: recipe for target 'cmTC_12b52/fast' failed
make: *** [cmTC_12b52/fast] Error 2

File /home/cs18/Desktop/assignment8/CGL/build/CMakeFiles/CMakeTmp/CheckSymbolExists.c:
/* */
#include <pthread.h>

int main(int argc, char** argv)
{
  (void)argv;
#ifndef pthread_create
  return ((int*)(&pthread_create))[argc];
#else
  (void)argc;
  return 0;
#endif
}

Determining if the function pthread_create exists in the pthreads failed with the following output:
Change Dir: /home/cs18/Desktop/assignment8/CGL/build/CMakeFiles/CMakeTmp

Run Build Command:"/usr/bin/make" "cmTC_900fe/fast"
/usr/bin/make -f CMakeFiles/cmTC_900fe.dir/build.make CMakeFiles/cmTC_900fe.dir/build
make[1]: Entering directory '/home/cs18/Desktop/assignment8/CGL/build/CMakeFiles/CMakeTmp'
Building C object CMakeFiles/cmTC_900fe.dir/CheckFunctionExists.c.o
/usr/bin/cc   -DCHECK_FUNCTION_EXISTS=pthread_create   -o CMakeFiles/cmTC_900fe.dir/CheckFunctionExists.c.o   -c /usr/share/cmake-3.10/Modules/CheckFunctionExists.c
Linking C executable cmTC_900fe
/usr/bin/cmake -E cmake_link_script CMakeFiles/cmTC_900fe.dir/link.txt --verbose=1
/usr/bin/cc  -DCHECK_FUNCTION_EXISTS=pthread_create    -rdynamic CMakeFiles/cmTC_900fe.dir/CheckFunctionExists.c.o  -o cmTC_900fe -lpthreads 
/usr/bin/ld: cannot find -lpthreads
collect2: error: ld returned 1 exit status
CMakeFiles/cmTC_900fe.dir/build.make:97: recipe for target 'cmTC_900fe' failed
make[1]: *** [cmTC_900fe] Error 1
make[1]: Leaving directory '/home/cs18/Desktop/assignment8/CGL/build/CMakeFiles/CMakeTmp'
Makefile:126: recipe for target 'cmTC_900fe/fast' failed
make: *** [cmTC_900fe/fast] Error 2


Determining if the function glXGetProcAddressEXT exists failed with the following output:
Change Dir: /home/cs18/Desktop/assignment8/CGL/build/CMakeFiles/CMakeTmp

Run Build Command:"/usr/bin/make" "cmTC_3012c/fast"
/usr/bin/make -f CMakeFiles/cmTC_3012c.dir/build.make CMakeFiles/cmTC_3012c.dir/build
make[1]: Entering directory '/home/cs18/Desktop/assignment8/CGL/build/CMakeFiles/CMakeTmp'
Building C object CMakeFiles/cmTC_3012c.dir/CheckFunctionExists.c.o
/usr/bin/cc   -DCHECK_FUNCTION_EXISTS=glXGetProcAddressEXT   -o CMakeFiles/cmTC_3012c.dir/CheckFunctionExists.c.o   -c /usr/share/cmake-3.10/Modules/CheckFunctionExists.c
Linking C executable cmTC_3012c
/usr/bin/cmake -E cmake_link_script CMakeFiles/cmTC_3012c.dir/link.txt --verbose=1
/usr/bin/cc  -DCHECK_FUNCTION_EXISTS=glXGetProcAddressEXT    -rdynamic CMakeFiles/cmTC_3012c.dir/CheckFunctionExists.c.o  -o cmTC_3012c /usr/lib/x86_64-linux-gnu/libGL.so 
CMakeFiles/cmTC_3012c.dir/CheckFunctionExists.c.o: In function `main':
CheckFunctionExists.c:(.text+0x10): undefined reference to `glXGetProcAddressEXT'
collect2: error: ld returned 1 exit status
CMakeFiles/cmTC_3012c.dir/build.make:98: recipe for target 'cmTC_3012c' failed
make[1]: *** [cmTC_3012c] Error 1
make[1]: Leaving directory '/home/cs18/Desktop/assignment8/CGL/build/CMakeFiles/CMakeTmp'
Makefile:126: recipe for target 'cmTC_3012c/fast' failed
make: *** [cmTC_3012c/fast] Error 2


